<?xml version="1.0" encoding="UTF-8" ?>
<testsuite tests="5" failures="3" name="br.edu.ifrs.osorio.projetobiblioteca.GerenciadorLivroTest" time="1.245" errors="0" skipped="0">
  <properties>
[...]
</properties>
  <testcase classname="br.edu.ifrs.osorio.projetobiblioteca.GerenciadorLivroTest" name="br.edu.ifrs.osorio.projetobiblioteca.GerenciadorLivroTest.testaLocarLivro" time="1.232">
    <failure message="
Wanted but not invoked:
livro.locar(&quot;email@teste.com&quot;);
-&gt; at br.edu.ifrs.osorio.projetobiblioteca.Livro.locar(Livro.java:97)
Actually, there were zero interactions with this mock.
" type="Wanted but not invoked">Wanted but not invoked:
livro.locar(&quot;email@teste.com&quot;);
-&gt; at br.edu.ifrs.osorio.projetobiblioteca.Livro.locar(Livro.java:97)
Actually, there were zero interactions with this mock.

	at br.edu.ifrs.osorio.projetobiblioteca.Livro.locar(Livro.java:97)
	at br.edu.ifrs.osorio.projetobiblioteca.GerenciadorLivroTest.testaLocarLivro(GerenciadorLivroTest.java:34)
</failure>
  </testcase>
  <testcase classname="br.edu.ifrs.osorio.projetobiblioteca.GerenciadorLivroTest" name="br.edu.ifrs.osorio.projetobiblioteca.GerenciadorLivroTest.testaReservarLivro" time="0.001"/>
  <testcase classname="br.edu.ifrs.osorio.projetobiblioteca.GerenciadorLivroTest" name="br.edu.ifrs.osorio.projetobiblioteca.GerenciadorLivroTest.testaDevolverLivro" time="0.002"/>
  <testcase classname="br.edu.ifrs.osorio.projetobiblioteca.GerenciadorLivroTest" name="br.edu.ifrs.osorio.projetobiblioteca.GerenciadorLivroTest.testaAvisarLocacaoFinal" time="0.006">
    <failure message="
Wanted but not invoked:
emailService.enviaEmail(
    &lt;any string&gt;,
    &lt;any string&gt;,
    &lt;any string&gt;
);
-&gt; at br.edu.ifrs.osorio.projetobiblioteca.GerenciadorLivroTest.testaAvisarLocacaoFinal(GerenciadorLivroTest.java:99)
Actually, there were zero interactions with this mock.
" type="Wanted but not invoked">Wanted but not invoked:
emailService.enviaEmail(
    &lt;any string&gt;,
    &lt;any string&gt;,
    &lt;any string&gt;
);
-&gt; at br.edu.ifrs.osorio.projetobiblioteca.GerenciadorLivroTest.testaAvisarLocacaoFinal(GerenciadorLivroTest.java:99)
Actually, there were zero interactions with this mock.

	at br.edu.ifrs.osorio.projetobiblioteca.GerenciadorLivroTest.testaAvisarLocacaoFinal(GerenciadorLivroTest.java:99)
</failure>
  </testcase>
  <testcase classname="br.edu.ifrs.osorio.projetobiblioteca.GerenciadorLivroTest" name="br.edu.ifrs.osorio.projetobiblioteca.GerenciadorLivroTest.testaAvisarReservaNoFinal" time="0.004">
    <failure message="
Wanted but not invoked:
emailService.enviaEmail(
    &lt;any string&gt;,
    &lt;any string&gt;,
    &lt;any string&gt;
);
-&gt; at br.edu.ifrs.osorio.projetobiblioteca.GerenciadorLivroTest.testaAvisarReservaNoFinal(GerenciadorLivroTest.java:81)
Actually, there were zero interactions with this mock.
" type="Wanted but not invoked">Wanted but not invoked:
emailService.enviaEmail(
    &lt;any string&gt;,
    &lt;any string&gt;,
    &lt;any string&gt;
);
-&gt; at br.edu.ifrs.osorio.projetobiblioteca.GerenciadorLivroTest.testaAvisarReservaNoFinal(GerenciadorLivroTest.java:81)
Actually, there were zero interactions with this mock.

	at br.edu.ifrs.osorio.projetobiblioteca.GerenciadorLivroTest.testaAvisarReservaNoFinal(GerenciadorLivroTest.java:81)
</failure>
  </testcase>
</testsuite>